Arguments: 
  /home/bruno.costa/.nvm/versions/node/v18.12.1/bin/node /home/bruno.costa/.nvm/versions/node/v18.12.1/bin/yarn

PATH: 
  /home/bruno.costa/.nvm/versions/node/v18.12.1/bin:/usr/local/sbin:/usr/local/bin:/usr/sbin:/usr/bin:/sbin:/bin:/usr/games:/usr/local/games:/snap/bin

Yarn version: 
  1.22.19

Node version: 
  18.12.1

Platform: 
  linux x64

Trace: 
  Error: ENOENT: no such file or directory, copyfile '/home/bruno.costa/.cache/yarn/v6/npm-escape-string-regexp-4.0.0-14ba83a5d373e3d311e5afca29cf5bfad965bf34-integrity/node_modules/escape-string-regexp/index.js' -> '/home/bruno.costa/Documentos/full-cycle/codeflix-ms-catalog-typescript/node_modules/eslint/node_modules/escape-string-regexp/index.js'

npm manifest: 
  {
      "name": "template-nestjs-clear-arch",
      "private": true,
      "keywords": [],
      "author": "",
      "license": "ISC",
      "scripts": {
          "predev": "npm run build -w @ca/core",
          "dev": "npm run build:w -w @ca/core & npm run start:dev -w nestjs"
      },
      "workspaces": [
          "./src/*"
      ]
  }

yarn manifest: 
  No manifest

Lockfile: 
  No lockfile
